<?xml version="1.0" encoding="UTF-8"?>
<testng-results ignored="0" total="1" passed="1" failed="0" skipped="0">
  <reporter-output>
  </reporter-output>
  <suite started-at="2024-04-20T16:52:30Z" name="Default suite" finished-at="2024-04-20T16:52:44Z" duration-ms="14248">
    <groups>
    </groups>
    <test started-at="2024-04-20T16:52:30Z" name="Default test" finished-at="2024-04-20T16:52:44Z" duration-ms="14248">
      <class name="pruebaNG.Selftest">
        <test-method signature="test01()[pri:0, instance:pruebaNG.Selftest@37e4d7bb]" started-at="2024-04-20T10:52:30Z" name="test01" finished-at="2024-04-20T10:52:44Z" duration-ms="14230" status="PASS">
          <reporter-output>
          </reporter-output>
        </test-method> <!-- test01 -->
      </class> <!-- pruebaNG.Selftest -->
    </test> <!-- Default test -->
  </suite> <!-- Default suite -->
</testng-results>
